2025-06-19 10:45:59,273 - __main__ - INFO - ============================================================
2025-06-19 10:45:59,274 - __main__ - INFO - Got Milk Campaign Manager Started
2025-06-19 10:45:59,274 - __main__ - INFO - Current time: 2025-06-19 10:45:59.274204
2025-06-19 10:45:59,274 - __main__ - INFO - Index ID: 68535fbfa49a1fdf6d2666a4
2025-06-19 10:45:59,274 - __main__ - INFO - ============================================================
2025-06-19 10:45:59,274 - __main__ - INFO - Starting Got Milk Campaign Manager
2025-06-19 10:45:59,274 - __main__ - INFO - Initializing session state
2025-06-19 10:45:59,274 - __main__ - INFO - Index ID from env: 68535fbfa49a1fdf6d2666a4
2025-06-19 10:45:59,314 - __main__ - INFO - Initializing Twelve Labs client
2025-06-19 10:45:59,331 - __main__ - INFO - Successfully initialized Twelve Labs client
2025-06-19 10:45:59,342 - __main__ - INFO - Displaying home page
2025-06-19 10:46:02,707 - __main__ - INFO - ============================================================
2025-06-19 10:46:02,707 - __main__ - INFO - Got Milk Campaign Manager Started
2025-06-19 10:46:02,707 - __main__ - INFO - Current time: 2025-06-19 10:46:02.707327
2025-06-19 10:46:02,707 - __main__ - INFO - Index ID: 68535fbfa49a1fdf6d2666a4
2025-06-19 10:46:02,707 - __main__ - INFO - ============================================================
2025-06-19 10:46:02,707 - __main__ - INFO - Starting Got Milk Campaign Manager
2025-06-19 10:46:02,707 - __main__ - INFO - Initializing session state
2025-06-19 10:46:02,709 - __main__ - INFO - Navigating to Upload page
2025-06-19 10:46:02,710 - __main__ - INFO - Displaying upload page
2025-06-19 10:46:07,307 - __main__ - INFO - ============================================================
2025-06-19 10:46:07,307 - __main__ - INFO - Got Milk Campaign Manager Started
2025-06-19 10:46:07,307 - __main__ - INFO - Current time: 2025-06-19 10:46:07.307869
2025-06-19 10:46:07,307 - __main__ - INFO - Index ID: 68535fbfa49a1fdf6d2666a4
2025-06-19 10:46:07,307 - __main__ - INFO - ============================================================
2025-06-19 10:46:07,308 - __main__ - INFO - Starting Got Milk Campaign Manager
2025-06-19 10:46:07,308 - __main__ - INFO - Initializing session state
2025-06-19 10:46:07,310 - __main__ - INFO - Displaying upload page
2025-06-19 10:46:09,477 - __main__ - INFO - ============================================================
2025-06-19 10:46:09,477 - __main__ - INFO - Got Milk Campaign Manager Started
2025-06-19 10:46:09,477 - __main__ - INFO - Current time: 2025-06-19 10:46:09.477918
2025-06-19 10:46:09,478 - __main__ - INFO - Index ID: 68535fbfa49a1fdf6d2666a4
2025-06-19 10:46:09,478 - __main__ - INFO - ============================================================
2025-06-19 10:46:09,478 - __main__ - INFO - Starting Got Milk Campaign Manager
2025-06-19 10:46:09,478 - __main__ - INFO - Initializing session state
2025-06-19 10:46:09,482 - __main__ - INFO - Displaying upload page
2025-06-19 10:46:09,488 - __main__ - INFO - Starting video processing for: Video2_StrawberryMilk_BeyonceImpersonator.mp4
2025-06-19 10:46:09,489 - __main__ - INFO - Uploading video to Twelve Labs
2025-06-19 10:46:10,560 - httpx - INFO - HTTP Request: POST https://api.twelvelabs.io/v1.3/tasks "HTTP/1.1 201 Created"
2025-06-19 10:46:10,604 - httpx - INFO - HTTP Request: GET https://api.twelvelabs.io/v1.3/tasks/68543ed2d1abad44eba82756 "HTTP/1.1 200 OK"
2025-06-19 10:46:10,605 - __main__ - INFO - Task created: 68543ed2d1abad44eba82756
2025-06-19 10:46:10,653 - httpx - INFO - HTTP Request: GET https://api.twelvelabs.io/v1.3/tasks/68543ed2d1abad44eba82756 "HTTP/1.1 200 OK"
2025-06-19 10:46:10,654 - __main__ - INFO - Task status check 1: uploading
2025-06-19 10:46:15,789 - httpx - INFO - HTTP Request: GET https://api.twelvelabs.io/v1.3/tasks/68543ed2d1abad44eba82756 "HTTP/1.1 200 OK"
2025-06-19 10:46:15,791 - __main__ - INFO - Task status check 2: pending
2025-06-19 10:46:20,932 - httpx - INFO - HTTP Request: GET https://api.twelvelabs.io/v1.3/tasks/68543ed2d1abad44eba82756 "HTTP/1.1 200 OK"
2025-06-19 10:46:20,932 - __main__ - INFO - Task status check 3: pending
2025-06-19 10:46:26,074 - httpx - INFO - HTTP Request: GET https://api.twelvelabs.io/v1.3/tasks/68543ed2d1abad44eba82756 "HTTP/1.1 200 OK"
2025-06-19 10:46:26,076 - __main__ - INFO - Task status check 4: pending
2025-06-19 10:46:31,215 - httpx - INFO - HTTP Request: GET https://api.twelvelabs.io/v1.3/tasks/68543ed2d1abad44eba82756 "HTTP/1.1 200 OK"
2025-06-19 10:46:31,216 - __main__ - INFO - Task status check 5: pending
2025-06-19 10:46:36,355 - httpx - INFO - HTTP Request: GET https://api.twelvelabs.io/v1.3/tasks/68543ed2d1abad44eba82756 "HTTP/1.1 200 OK"
2025-06-19 10:46:36,356 - __main__ - INFO - Task status check 6: pending
2025-06-19 10:46:41,496 - httpx - INFO - HTTP Request: GET https://api.twelvelabs.io/v1.3/tasks/68543ed2d1abad44eba82756 "HTTP/1.1 200 OK"
2025-06-19 10:46:41,498 - __main__ - INFO - Task status check 7: pending
2025-06-19 10:46:46,635 - httpx - INFO - HTTP Request: GET https://api.twelvelabs.io/v1.3/tasks/68543ed2d1abad44eba82756 "HTTP/1.1 200 OK"
2025-06-19 10:46:46,636 - __main__ - INFO - Task status check 8: pending
2025-06-19 10:46:51,779 - httpx - INFO - HTTP Request: GET https://api.twelvelabs.io/v1.3/tasks/68543ed2d1abad44eba82756 "HTTP/1.1 200 OK"
2025-06-19 10:46:51,780 - __main__ - INFO - Task status check 9: pending
2025-06-19 10:46:56,915 - httpx - INFO - HTTP Request: GET https://api.twelvelabs.io/v1.3/tasks/68543ed2d1abad44eba82756 "HTTP/1.1 200 OK"
2025-06-19 10:46:56,915 - __main__ - INFO - Task status check 10: pending
2025-06-19 10:47:02,054 - httpx - INFO - HTTP Request: GET https://api.twelvelabs.io/v1.3/tasks/68543ed2d1abad44eba82756 "HTTP/1.1 200 OK"
2025-06-19 10:47:02,055 - __main__ - INFO - Task status check 11: pending
2025-06-19 10:47:07,199 - httpx - INFO - HTTP Request: GET https://api.twelvelabs.io/v1.3/tasks/68543ed2d1abad44eba82756 "HTTP/1.1 200 OK"
2025-06-19 10:47:07,200 - __main__ - INFO - Task status check 12: pending
2025-06-19 10:47:12,436 - httpx - INFO - HTTP Request: GET https://api.twelvelabs.io/v1.3/tasks/68543ed2d1abad44eba82756 "HTTP/1.1 200 OK"
2025-06-19 10:47:12,436 - __main__ - INFO - Task status check 13: ready
2025-06-19 10:47:15,441 - __main__ - INFO - Video ID: 68543ed2d1abad44eba82756
2025-06-19 10:47:15,443 - __main__ - INFO - Attempting Pegasus analysis
2025-06-19 10:47:21,744 - httpx - INFO - HTTP Request: POST https://api.twelvelabs.io/v1.3/analyze "HTTP/1.1 200 OK"
2025-06-19 10:47:21,747 - __main__ - WARNING - Pegasus analysis failed: 'GenerateOpenEndedTextResult' object has no attribute 'text'
2025-06-19 10:47:21,748 - __main__ - INFO - Falling back to multi-modal detection
2025-06-19 10:47:21,749 - __main__ - INFO - Starting audio detection
2025-06-19 10:47:21,749 - __main__ - INFO - Audio search for: got milk
2025-06-19 10:47:21,797 - httpx - INFO - HTTP Request: POST https://api.twelvelabs.io/v1.3/search "HTTP/1.1 429 Too Many Requests"
2025-06-19 10:47:21,799 - __main__ - ERROR - Audio search error for 'got milk': Error code: 429 - {'code': 'too_many_requests', 'message': 'You have exceeded the rate limit (50req/1day). Please try again later after 2025-06-20T03:24:20Z.'}
2025-06-19 10:47:21,799 - __main__ - INFO - Audio search for: chocolate milk
2025-06-19 10:47:21,845 - httpx - INFO - HTTP Request: POST https://api.twelvelabs.io/v1.3/search "HTTP/1.1 429 Too Many Requests"
2025-06-19 10:47:21,846 - __main__ - ERROR - Audio search error for 'chocolate milk': Error code: 429 - {'code': 'too_many_requests', 'message': 'You have exceeded the rate limit (50req/1day). Please try again later after 2025-06-20T03:24:20Z.'}
2025-06-19 10:47:21,846 - __main__ - INFO - Audio search for: strawberry milk
2025-06-19 10:47:21,895 - httpx - INFO - HTTP Request: POST https://api.twelvelabs.io/v1.3/search "HTTP/1.1 429 Too Many Requests"
2025-06-19 10:47:21,896 - __main__ - ERROR - Audio search error for 'strawberry milk': Error code: 429 - {'code': 'too_many_requests', 'message': 'You have exceeded the rate limit (50req/1day). Please try again later after 2025-06-20T03:24:20Z.'}
2025-06-19 10:47:21,896 - __main__ - INFO - Audio search for: milk
2025-06-19 10:47:21,945 - httpx - INFO - HTTP Request: POST https://api.twelvelabs.io/v1.3/search "HTTP/1.1 429 Too Many Requests"
2025-06-19 10:47:21,946 - __main__ - ERROR - Audio search error for 'milk': Error code: 429 - {'code': 'too_many_requests', 'message': 'You have exceeded the rate limit (50req/1day). Please try again later after 2025-06-20T03:24:20Z.'}
2025-06-19 10:47:21,946 - __main__ - INFO - Starting text detection
2025-06-19 10:47:21,993 - httpx - INFO - HTTP Request: POST https://api.twelvelabs.io/v1.3/search "HTTP/1.1 429 Too Many Requests"
2025-06-19 10:47:21,994 - __main__ - ERROR - Text detection error: Error code: 429 - {'code': 'too_many_requests', 'message': 'You have exceeded the rate limit (50req/1day). Please try again later after 2025-06-20T03:24:20Z.'}
2025-06-19 10:47:21,994 - __main__ - INFO - Starting visual detection
2025-06-19 10:47:22,039 - httpx - INFO - HTTP Request: POST https://api.twelvelabs.io/v1.3/search "HTTP/1.1 429 Too Many Requests"
2025-06-19 10:47:22,040 - __main__ - ERROR - Visual detection error: Error code: 429 - {'code': 'too_many_requests', 'message': 'You have exceeded the rate limit (50req/1day). Please try again later after 2025-06-20T03:24:20Z.'}
2025-06-19 10:47:22,040 - __main__ - INFO - Detection signals - Audio: False, Visual: False, Text: False
2025-06-19 10:47:22,040 - __main__ - INFO - Total positive signals: 0/3
2025-06-19 10:47:22,041 - __main__ - WARNING - No milk detected in Video2_StrawberryMilk_BeyonceImpersonator.mp4
2025-06-19 10:47:22,087 - httpx - INFO - HTTP Request: GET https://api.twelvelabs.io/v1.3/indexes/68535fbfa49a1fdf6d2666a4/videos "HTTP/1.1 200 OK"
2025-06-19 10:47:22,090 - __main__ - INFO - Total videos in index: 10
2025-06-19 10:47:22,091 - __main__ - INFO - Video found in index listing
